#Row	GivenPot	Error
1	0	2.56366e-08
2	0	1.94705e-07
3	0	1.92907e-07
4	0	1.28947e-07
5	0	2.19747e-07
6	0	1.63157e-07
7	0	1.14734e-07
8	0	1.0643e-07
9	0	1.52813e-07
10	0	8.16621e-08
11	0	3.89749e-08
12	0	1.59878e-09
13	0	1.59741e-09
14	0	1.30045e-08
15	0	1.94121e-08
16	0	4.73793e-08
17	0	2.51276e-08
18	0	4.03219e-08
19	0	1.10639e-08
20	0	1.70554e-08
21	0	1.32311e-07
22	0	1.81672e-10
23	0	2.80083e-08
24	0	3.03371e-08
25	0	2.01181e-08
26	0	2.10684e-08
27	0	2.12714e-08
28	0	1.37959e-08
29	0	4.55429e-09
30	0	1.10085e-08
31	0	1.74418e-08
32	0	1.82256e-08
33	0	8.33768e-09
34	0	2.46837e-09
35	0	9.01036e-09
36	0	2.31921e-11
37	0	4.6515e-09
38	0	9.08472e-10
39	0	3.51395e-09
40	0	3.1223e-09
41	0	8.77537e-09
42	0	2.70745e-09
43	0	1.65247e-08
44	0	1.03812e-08
45	0	1.14377e-07
46	0	7.832e-09
47	0	3.73689e-10
48	0	2.82466e-09
49	0	3.0586e-08
50	0	1.54658e-08
51	0	1.07341e-08
52	0	8.27288e-09
53	0	2.44569e-07
54	0	4.15047e-08
55	0	1.6462e-08
56	0	1.63318e-08
57	0	3.93939e-08
58	0	1.57958e-08
59	0	5.65797e-09
60	0	1.05069e-08
61	0	1.89709e-07
62	0	5.94348e-08
63	0	2.86935e-08
64	0	2.12484e-08
65	0	5.1572e-08
66	0	3.69437e-09
67	0	7.39306e-10
68	0	1.68995e-09
69	0	7.02812e-09
70	0	9.6145e-10
71	0	3.46563e-09
72	0	2.6655e-09
73	0	4.13183e-09
74	0	1.27613e-09
75	0	4.38718e-10
76	0	3.91503e-09
77	0	3.65935e-09
78	0	5.85646e-09
79	0	6.77346e-09
80	0	4.20243e-09
81	0	7.43955e-09
82	0	5.24528e-09
83	0	6.34873e-09
84	0	6.48424e-09
85	0	5.33657e-09
86	0	7.66465e-09
87	0	6.89545e-09
88	0	4.67196e-09
89	0	2.25572e-07
90	0	3.95676e-09
91	0	2.15657e-08
92	0	1.54228e-09
93	0	3.76972e-07
94	0	4.21232e-09
95	0	2.33877e-09
96	0	9.81845e-09
97	0	9.46361e-08
98	0	2.82928e-08
99	0	1.8574e-08
100	0	2.21241e-08
101	0	1.4603e-07
102	0	1.6778e-07
103	0	1.48498e-07
104	0	1.45436e-07
105	0	1.23146e-07
106	0	1.23314e-07
107	0	9.43584e-08
108	0	1.12229e-07
109	0	9.46651e-08
110	0	1.07348e-07
111	0	8.9119e-08
112	0	8.18071e-08
113	0	6.59217e-08
114	0	7.70173e-08
115	0	6.48087e-08
116	0	6.42104e-08
117	0	4.31809e-08
118	0	6.47339e-08
119	0	4.76074e-08
120	0	4.53807e-08
121	0	3.00633e-08
122	0	5.2529e-08
123	0	3.58973e-08
124	0	4.17422e-08
125	0	3.66091e-08
126	0	3.61679e-08
127	0	3.14541e-08
128	0	2.91518e-08
129	0	1.86114e-08
130	0	1.84555e-08
131	0	2.18438e-08
132	0	1.78654e-08
133	0	1.77437e-08
134	0	6.72298e-09
135	0	1.00017e-08
136	0	1.14364e-08
137	0	4.96243e-10
138	0	5.37591e-09
139	0	2.80522e-09
140	0	1.61617e-09
141	0	7.30927e-09
142	0	4.89229e-09
143	0	5.4398e-09
144	0	9.36211e-09
145	0	7.464e-09
146	0	6.98435e-09
147	0	1.02601e-08
148	0	6.40853e-09
149	0	7.21263e-09
150	0	5.31588e-09
151	0	2.49361e-09
152	0	1.36243e-08
153	0	9.41361e-09
154	0	1.56514e-08
155	0	1.53633e-08
156	0	9.06311e-09
157	0	1.21054e-08
158	0	1.43722e-08
159	0	1.51331e-08
160	0	1.28825e-08
161	0	8.27015e-09
162	0	1.39578e-08
163	0	1.46312e-08
164	0	9.65986e-09
165	0	8.2473e-09
166	0	1.33095e-08
167	0	1.07894e-08
168	0	1.74242e-08
169	0	1.38211e-08
170	0	2.06845e-08
171	0	1.9159e-08
172	0	1.66594e-08
173	0	1.68884e-08
174	0	2.32075e-08
175	0	2.24405e-08
176	0	2.32625e-08
177	0	2.63194e-08
178	0	2.78003e-08
179	0	2.91388e-08
180	0	3.21719e-08
181	0	3.37806e-08
182	0	3.6797e-08
183	0	3.98518e-08
184	0	4.2734e-08
185	0	4.63573e-08
186	0	5.01065e-08
187	0	5.41498e-08
188	0	5.79649e-08
189	0	6.09954e-08
190	0	6.67555e-08
191	0	6.96725e-08
192	0	8.23618e-08
193	0	8.09492e-08
194	0	8.14412e-08
195	0	8.36703e-08
196	0	9.58894e-08
197	0	1.04812e-07
198	0	1.08231e-07
199	0	1.13714e-07
200	0	1.23904e-07
201	2100	7.0836e-08
202	2100	1.62245e-08
203	2100	5.27843e-08
204	2100	3.75726e-08
205	2100	5.09999e-08
206	2100	7.89896e-09
207	2100	9.84769e-08
208	2100	5.48926e-08
209	2100	7.80483e-08
210	2100	1.04162e-07
211	2100	9.87857e-08
212	2100	7.3198e-08
213	2100	7.19474e-08
214	2100	7.20656e-08
215	2100	6.29225e-08
216	2100	8.45112e-08
217	2100	5.51354e-08
218	2100	9.09458e-08
219	2100	7.20247e-08
220	2100	6.31335e-08
221	2100	7.46604e-08
222	2100	1.09749e-07
223	2100	1.66392e-08
224	2100	9.6838e-08
225	2100	4.32792e-08
226	2100	7.81838e-08
227	2100	4.87494e-08
228	2100	1.10336e-07
229	2100	3.35585e-08
230	2100	1.20206e-07
231	2100	5.83168e-08
232	2100	6.8479e-08
233	2100	4.30018e-08
234	2100	5.78166e-08
235	2100	3.75439e-09
236	2100	6.52303e-08
237	2100	6.15819e-08
238	2100	9.28903e-08
239	2100	1.02213e-07
240	2100	8.73542e-08
241	2100	4.80959e-08
242	2100	7.89487e-08
243	2100	3.50324e-08
244	2100	3.50133e-08
245	2100	7.8252e-08
246	2100	5.29872e-08
247	2100	3.64917e-08
248	2100	1.15485e-07
249	2100	7.17755e-08
250	2100	5.3888e-08
251	2100	6.36555e-09
252	2100	3.11265e-08
253	2100	2.01453e-08
254	2100	2.48797e-08
255	2100	8.25366e-10
256	2100	4.84556e-08
257	2100	9.24865e-09
258	2100	2.6419e-08
259	2100	4.6201e-08
260	2100	2.7735e-08
261	2100	3.18505e-09
262	2100	7.08496e-10
263	2100	2.74076e-08
264	2100	6.71607e-08
265	2100	8.29959e-08
266	2100	1.01858e-07
267	2100	5.07857e-08
268	2100	1.51176e-08
269	2100	6.19198e-08
270	2100	7.98486e-08
271	2100	8.58045e-08
272	2100	4.815e-08
273	2100	5.81381e-08
274	2100	5.4607e-08
275	2100	9.11341e-08
276	2100	9.3356e-08
277	2100	8.6382e-08
278	2100	7.31761e-08
279	2100	7.00047e-08
280	2100	1.00338e-07
281	2100	9.36552e-08
282	2100	8.49213e-08
283	2100	1.07239e-07
284	2100	2.22662e-08
285	2100	7.70169e-08
286	2100	4.34766e-08
287	2100	4.12856e-08
288	2100	4.1322e-08
289	2100	7.41848e-08
290	2100	2.73499e-08
291	2100	3.24208e-08
292	2100	3.05199e-08
293	2100	5.03651e-08
294	2100	6.0154e-09
295	2100	3.5242e-08
296	2100	3.68464e-08
297	2100	3.63711e-08
298	2100	7.29551e-09
299	2100	2.85536e-08
300	2100	4.67435e-09
301	0	4.99368e-22
#Error maximum on element 230 and its magnitude is 1.20206e-07.
